Timestamp: 2023-07-23T06:46:46.696Z
Status Code: 400
Error: TypeError: taskSchema.validateAsync is not a function

Timestamp: 2023-07-23T06:55:02.695Z
Status Code: 400
Error: TypeError: taskSchema.validateAsync is not a function

Timestamp: 2023-07-23T06:56:01.857Z
Status Code: 400
Error: TypeError: taskSchema.validateAsync is not a function

Timestamp: 2023-07-23T06:58:43.190Z
Status Code: 400
Error: ValidationError: "workerTodo" is required

Timestamp: 2023-07-23T07:01:17.143Z
Status Code: 400
Error: ValidationError: "workerTodo" is required

Timestamp: 2023-07-23T07:03:59.841Z
Status Code: 400
Error: ValidationError: "done" failed custom validation because The boolean type does not allow arguments

Timestamp: 2023-07-23T07:04:41.583Z
Status Code: 400
Error: ValidationError: "done" failed custom validation because The boolean type does not allow arguments

Timestamp: 2023-07-23T07:27:38.068Z
Status Code: 400
Error: ValidationError: dateOpened: Cast to date failed for value "22/07/2023" (type string) at path "dateOpened", lastDateToDo: Cast to date failed for value "22/7/2023" (type string) at path "lastDateToDo"

Timestamp: 2023-07-23T07:36:23.763Z
Status Code: 400
Error: ValidationError: "dateOpened" must be a valid date

Timestamp: 2023-07-23T07:37:41.321Z
Status Code: 400
Error: ValidationError: "lastDateToDo" must be a valid date

Timestamp: 2023-07-23T07:38:24.611Z
Status Code: 400
Error: ValidationError: dateOpened: Cast to date failed for value "22/07/2023" (type string) at path "dateOpened", lastDateToDo: Cast to date failed for value "22/7/2023" (type string) at path "lastDateToDo"

Timestamp: 2023-07-23T08:15:52.994Z
Status Code: 400
Error: ValidationError: dateOpened: Cast to date failed for value "23/12/2024" (type string) at path "dateOpened", lastDateToDo: Cast to date failed for value "23/12/2024" (type string) at path "lastDateToDo"

Timestamp: 2023-07-23T09:02:24.665Z
Status Code: 400
Error: ValidationError: "value" length must be 24 characters long

Timestamp: 2023-07-23T09:03:44.438Z
Status Code: 400
Error: ValidationError: "value" length must be 24 characters long

Timestamp: 2023-07-23T09:04:17.091Z
Status Code: 400
Error: ValidationError: "value" length must be 24 characters long

Timestamp: 2023-07-23T09:06:08.647Z
Status Code: 400
Error: ValidationError: "value" length must be 24 characters long

Timestamp: 2023-07-23T09:13:24.906Z
Status Code: 400
Error: ValidationError: "value" length must be 24 characters long

Timestamp: 2023-07-23T09:36:09.330Z
Status Code: 400
Error: ValidationError: "value" length must be 24 characters long

Timestamp: 2023-07-23T09:38:57.191Z
Status Code: 400
Error: ValidationError: "value" length must be 24 characters long

Timestamp: 2023-07-23T09:42:41.316Z
Status Code: 400
Error: ValidationError: "value" length must be 24 characters long

Timestamp: 2023-07-23T10:24:12.358Z
Status Code: 400
Error: ValidationError: "value" length must be 24 characters long

Timestamp: 2023-07-23T12:27:02.229Z
Status Code: 400
Error: ObjectParameterError: Parameter "obj" to Document() must be an object, got "64b3b7158cc4fbe2d2d47a9a" (type string)

Timestamp: 2023-07-23T12:35:56.283Z
Status Code: 400
Error: ValidationError: task: Cast to string failed for value "{
  task: 'gdwgwr',
  workerToDo: 'egwsg',
  dateOpened: '18/07/2023',
  lastDateToDo: '23/12/2024',
  done: false
}" (type Object) at path "task", lastDateToDo: Path `lastDateToDo` is required., dateOpened: Path `dateOpened` is required., workerToDo: Path `workerToDo` is required.

