Timestamp: 2023-07-13T05:57:27.150Z
Status Code: 400
Error: ValidationError: "value" length must be 24 characters long

Timestamp: 2023-07-13T18:20:18.945Z
Status Code: 400
Error: ValidationError: "value" length must be 24 characters long

Timestamp: 2023-07-13T18:24:58.241Z
Status Code: 400
Error: ValidationError: "value" length must be 24 characters long

Timestamp: 2023-07-13T18:25:08.696Z
Status Code: 400
Error: ValidationError: "value" length must be 24 characters long

Timestamp: 2023-07-13T18:25:51.438Z
Status Code: 400
Error: ValidationError: "value" length must be 24 characters long

Timestamp: 2023-07-13T18:25:51.557Z
Status Code: 400
Error: ValidationError: "value" length must be 24 characters long

Timestamp: 2023-07-13T18:26:27.516Z
Status Code: 400
Error: ValidationError: "value" length must be 24 characters long

Timestamp: 2023-07-13T18:26:35.135Z
Status Code: 400
Error: ValidationError: "value" length must be 24 characters long

Timestamp: 2023-07-13T18:26:42.522Z
Status Code: 400
Error: ValidationError: "value" length must be 24 characters long

Timestamp: 2023-07-13T18:28:13.530Z
Status Code: 400
Error: ValidationError: "value" length must be 24 characters long

Timestamp: 2023-07-13T18:30:00.522Z
Status Code: 400
Error: ValidationError: "value" length must be 24 characters long

Timestamp: 2023-07-13T18:30:05.352Z
Status Code: 400
Error: ValidationError: "value" length must be 24 characters long

Timestamp: 2023-07-13T18:30:52.245Z
Status Code: 400
Error: ValidationError: "value" length must be 24 characters long

Timestamp: 2023-07-13T18:54:15.092Z
Status Code: 400
Error: ValidationError: "value" length must be 24 characters long

Timestamp: 2023-07-13T18:54:26.372Z
Status Code: 400
Error: ValidationError: "value" length must be 24 characters long

Timestamp: 2023-07-13T19:10:45.698Z
Status Code: 400
Error: ValidationError: "value" length must be 24 characters long

Timestamp: 2023-07-13T19:35:38.971Z
Status Code: 400
Error: ValidationError: "value" length must be 24 characters long

Timestamp: 2023-07-13T19:39:48.942Z
Status Code: 400
Error: ValidationError: "value" length must be 24 characters long

Timestamp: 2023-07-13T19:39:53.729Z
Status Code: 400
Error: ValidationError: "value" length must be 24 characters long

Timestamp: 2023-07-13T19:40:55.741Z
Status Code: 400
Error: CastError: Cast to ObjectId failed for value "fav-cards" (type string) at path "_id" for model "cards"

Timestamp: 2023-07-13T19:41:01.824Z
Status Code: 400
Error: CastError: Cast to ObjectId failed for value "fav-cards" (type string) at path "_id" for model "cards"

Timestamp: 2023-07-13T19:44:16.087Z
Status Code: 400
Error: ValidationError: "value" length must be 24 characters long

Timestamp: 2023-07-13T19:45:56.509Z
Status Code: 400
Error: ValidationError: "value" length must be 24 characters long

Timestamp: 2023-07-13T19:46:01.990Z
Status Code: 400
Error: ValidationError: "value" length must be 24 characters long

Timestamp: 2023-07-13T19:50:46.481Z
Status Code: 400
Error: ValidationError: "value" length must be 24 characters long

Timestamp: 2023-07-13T19:51:03.161Z
Status Code: 400
Error: ValidationError: "value" length must be 24 characters long

Timestamp: 2023-07-13T19:52:29.821Z
Status Code: 400
Error: ValidationError: "value" length must be 24 characters long

Timestamp: 2023-07-13T19:52:32.710Z
Status Code: 400
Error: ValidationError: "value" length must be 24 characters long

Timestamp: 2023-07-13T19:56:45.524Z
Status Code: 400
Error: ValidationError: "value" length must be 24 characters long

Timestamp: 2023-07-13T19:57:44.003Z
Status Code: 400
Error: ValidationError: "value" length must be 24 characters long

Timestamp: 2023-07-13T19:58:37.483Z
Status Code: 400
Error: ValidationError: "value" length must be 24 characters long

Timestamp: 2023-07-13T20:01:10.740Z
Status Code: 400
Error: ValidationError: "value" length must be 24 characters long

Timestamp: 2023-07-13T20:02:11.521Z
Status Code: 400
Error: ValidationError: "value" length must be 24 characters long

Timestamp: 2023-07-13T20:05:42.912Z
Status Code: 400
Error: ValidationError: "value" length must be 24 characters long

Timestamp: 2023-07-13T20:07:43.652Z
Status Code: 401
Error: please provide token

Timestamp: 2023-07-13T20:08:20.977Z
Status Code: 400
Error: ValidationError: "value" length must be 24 characters long

Timestamp: 2023-07-13T20:11:42.796Z
Status Code: 400
Error: ValidationError: "value" length must be 24 characters long

Timestamp: 2023-07-13T20:14:35.982Z
Status Code: 400
Error: ValidationError: "value" length must be 24 characters long

Timestamp: 2023-07-13T20:23:08.153Z
Status Code: 400
Error: ValidationError: "value" length must be 24 characters long

Timestamp: 2023-07-13T20:43:42.855Z
Status Code: 400
Error: ValidationError: "value" length must be 24 characters long

Timestamp: 2023-07-13T20:44:33.058Z
Status Code: 400
Error: ValidationError: "value" length must be 24 characters long

Timestamp: 2023-07-13T20:50:33.728Z
Status Code: 400
Error: ValidationError: "value" length must be 24 characters long

Timestamp: 2023-07-13T20:50:37.896Z
Status Code: 400
Error: ValidationError: "value" length must be 24 characters long

Timestamp: 2023-07-13T20:52:55.593Z
Status Code: 400
Error: ValidationError: "value" length must be 24 characters long

Timestamp: 2023-07-13T20:57:04.063Z
Status Code: 400
Error: ValidationError: "value" length must be 24 characters long

